-------------------------------------------------------------------------------
Test set: by.losik.LogicMinimizerAppTest
-------------------------------------------------------------------------------
Tests run: 6, Failures: 0, Errors: 4, Skipped: 0, Time elapsed: 0.037 s <<< FAILURE! -- in by.losik.LogicMinimizerAppTest
by.losik.LogicMinimizerAppTest.testAppWithEmptyInput -- Time elapsed: 0.005 s <<< ERROR!
java.lang.IllegalArgumentException: Пустое выражение
	at by.losik.lab2.TruthTableGenerator.evaluateExpression(TruthTableGenerator.java:87)
	at by.losik.lab2.TruthTableGenerator.evaluate(TruthTableGenerator.java:82)
	at by.losik.lab2.TruthTableGenerator.evaluateExpression(TruthTableGenerator.java:73)
	at by.losik.LogicMinimizerApp.main(LogicMinimizerApp.java:19)
	at by.losik.LogicMinimizerAppTest.testAppWithEmptyInput(LogicMinimizerAppTest.java:67)
	at java.base/java.lang.reflect.Method.invoke(Method.java:580)
	at java.base/java.util.ArrayList.forEach(ArrayList.java:1596)
	at java.base/java.util.ArrayList.forEach(ArrayList.java:1596)

by.losik.LogicMinimizerAppTest.testAppWithSimpleExpression -- Time elapsed: 0.002 s <<< ERROR!
java.lang.ArrayIndexOutOfBoundsException: Index 1 out of bounds for length 1
	at by.losik.lab2.TruthTableGenerator.evaluateExpression(TruthTableGenerator.java:71)
	at by.losik.LogicMinimizerApp.main(LogicMinimizerApp.java:19)
	at by.losik.LogicMinimizerAppTest.testAppWithSimpleExpression(LogicMinimizerAppTest.java:30)
	at java.base/java.lang.reflect.Method.invoke(Method.java:580)
	at java.base/java.util.ArrayList.forEach(ArrayList.java:1596)
	at java.base/java.util.ArrayList.forEach(ArrayList.java:1596)

by.losik.LogicMinimizerAppTest.testAppWithImplication -- Time elapsed: 0.002 s <<< ERROR!
java.lang.ArrayIndexOutOfBoundsException: Index 1 out of bounds for length 1
	at by.losik.lab2.TruthTableGenerator.evaluateExpression(TruthTableGenerator.java:71)
	at by.losik.LogicMinimizerApp.main(LogicMinimizerApp.java:19)
	at by.losik.LogicMinimizerAppTest.testAppWithImplication(LogicMinimizerAppTest.java:121)
	at java.base/java.lang.reflect.Method.invoke(Method.java:580)
	at java.base/java.util.ArrayList.forEach(ArrayList.java:1596)
	at java.base/java.util.ArrayList.forEach(ArrayList.java:1596)

by.losik.LogicMinimizerAppTest.testAppWithNegation -- Time elapsed: 0.001 s <<< ERROR!
java.lang.ArrayIndexOutOfBoundsException: Index 1 out of bounds for length 1
	at by.losik.lab2.TruthTableGenerator.evaluateExpression(TruthTableGenerator.java:71)
	at by.losik.LogicMinimizerApp.main(LogicMinimizerApp.java:19)
	at by.losik.LogicMinimizerAppTest.testAppWithNegation(LogicMinimizerAppTest.java:50)
	at java.base/java.lang.reflect.Method.invoke(Method.java:580)
	at java.base/java.util.ArrayList.forEach(ArrayList.java:1596)
	at java.base/java.util.ArrayList.forEach(ArrayList.java:1596)

