<?xml version="1.0" encoding="UTF-8"?>
<testsuite xmlns:xsi="http://www.w3.org/2001/XMLSchema-instance" xsi:noNamespaceSchemaLocation="https://maven.apache.org/surefire/maven-surefire-plugin/xsd/surefire-test-report.xsd" version="3.0.1" name="by.losik.IOSystemTest" time="0.137" tests="26" errors="0" skipped="0" failures="0">
  <properties>
[...]
</properties>
  <testcase name="testGenerateRowHeadersInvalid" classname="by.losik.IOSystemTest" time="0.013"/>
  <testcase name="testPrintSDNFTableEmptyInput" classname="by.losik.IOSystemTest" time="0.001">
    <system-out><![CDATA[	|
]]></system-out>
  </testcase>
  <testcase name="testPrintSKNFTable" classname="by.losik.IOSystemTest" time="0.009">
    <system-out><![CDATA[ 	|A\/B	|!A\/B	|
B	|  1 	|  1  	|
]]></system-out>
  </testcase>
  <testcase name="testPrintKarnaughMapValidSizes(int)[1]" classname="by.losik.IOSystemTest" time="0.009">
    <system-out><![CDATA[Карта Карно:
          0   1
     |   0   0
]]></system-out>
  </testcase>
  <testcase name="testPrintKarnaughMapValidSizes(int)[2]" classname="by.losik.IOSystemTest" time="0.002">
    <system-out><![CDATA[Карта Карно:
         00  01  11  10
   0 |   0   0   0   0
   1 |   0   0   0   0
]]></system-out>
  </testcase>
  <testcase name="testPrintKarnaughMapValidSizes(int)[3]" classname="by.losik.IOSystemTest" time="0.005">
    <system-out><![CDATA[Карта Карно:
        000 001 011 010 110 111 101 100
  00 |   0   0   0   0   0   0   0   0
  01 |   0   0   0   0   0   0   0   0
  11 |   0   0   0   0   0   0   0   0
  10 |   0   0   0   0   0   0   0   0
]]></system-out>
  </testcase>
  <testcase name="testPrintSDNFTable" classname="by.losik.IOSystemTest" time="0.002">
    <system-out><![CDATA[ 	|A/\B	|!A/\B	|
B	|  1 	|  1  	|
]]></system-out>
  </testcase>
  <testcase name="testPrintKarnaughMapMinimumSize" classname="by.losik.IOSystemTest" time="0.001">
    <system-out><![CDATA[Карта Карно:
          0   1
     |   0   0
]]></system-out>
  </testcase>
  <testcase name="testPrintSKNFTableEmptyInput" classname="by.losik.IOSystemTest" time="0.001">
    <system-out><![CDATA[	|
]]></system-out>
  </testcase>
  <testcase name="testTakeTheInput" classname="by.losik.IOSystemTest" time="0.001"/>
  <testcase name="testChooseFormulaTypeValid(int)[1]" classname="by.losik.IOSystemTest" time="0.0"/>
  <testcase name="testChooseFormulaTypeValid(int)[2]" classname="by.losik.IOSystemTest" time="0.001"/>
  <testcase name="testGenerateColumnHeaders(int, String)[1]" classname="by.losik.IOSystemTest" time="0.013"/>
  <testcase name="testGenerateColumnHeaders(int, String)[2]" classname="by.losik.IOSystemTest" time="0.001"/>
  <testcase name="testGenerateColumnHeaders(int, String)[3]" classname="by.losik.IOSystemTest" time="0.001"/>
  <testcase name="testPrintKarnaughMapInvalidSize" classname="by.losik.IOSystemTest" time="0.001"/>
  <testcase name="testGenerateColumnHeadersInvalid" classname="by.losik.IOSystemTest" time="0.001"/>
  <testcase name="testGenerateRowHeaders(int, String)[1]" classname="by.losik.IOSystemTest" time="0.001"/>
  <testcase name="testGenerateRowHeaders(int, String)[2]" classname="by.losik.IOSystemTest" time="0.001"/>
  <testcase name="testGenerateRowHeaders(int, String)[3]" classname="by.losik.IOSystemTest" time="0.0"/>
  <testcase name="testPrintMethods(String, String, String)[1]" classname="by.losik.IOSystemTest" time="0.004">
    <system-out><![CDATA[Минимизированная СДНФ расчётным методом: test

]]></system-out>
  </testcase>
  <testcase name="testPrintMethods(String, String, String)[2]" classname="by.losik.IOSystemTest" time="0.001">
    <system-out><![CDATA[Минимизированная СКНФ расчётным методом: test

]]></system-out>
  </testcase>
  <testcase name="testPrintMethods(String, String, String)[3]" classname="by.losik.IOSystemTest" time="0.0">
    <system-out><![CDATA[Минимизированная СДНФ расчётно-табличным методом: test 

]]></system-out>
  </testcase>
  <testcase name="testPrintMethods(String, String, String)[4]" classname="by.losik.IOSystemTest" time="0.0">
    <system-out><![CDATA[Минимизированная СКНФ расчётно-табличным методом: test 

]]></system-out>
  </testcase>
  <testcase name="testPrintMethods(String, String, String)[5]" classname="by.losik.IOSystemTest" time="0.001">
    <system-out><![CDATA[Минимизированная СДНФ табличным методом: test 

]]></system-out>
  </testcase>
  <testcase name="testPrintMethods(String, String, String)[6]" classname="by.losik.IOSystemTest" time="0.0">
    <system-out><![CDATA[Минимизированная СКНФ табличным методом: test  

]]></system-out>
  </testcase>
</testsuite>