<?xml version="1.0" encoding="UTF-8"?>
<testsuite xmlns:xsi="http://www.w3.org/2001/XMLSchema-instance" xsi:noNamespaceSchemaLocation="https://maven.apache.org/surefire/maven-surefire-plugin/xsd/surefire-test-report.xsd" version="3.0.1" name="by.losik.BCD8421ToExcess5ConverterTest" time="0.072" tests="6" errors="0" skipped="0" failures="0">
  <properties>
[...]
</properties>
  <testcase name="testDigitToBinaryInvalidInput" classname="by.losik.BCD8421ToExcess5ConverterTest" time="0.016"/>
  <testcase name="testBinaryStringToIntAnyNumber" classname="by.losik.BCD8421ToExcess5ConverterTest" time="0.004"/>
  <testcase name="testConvertDigitValidInput" classname="by.losik.BCD8421ToExcess5ConverterTest" time="0.0"/>
  <testcase name="testBinaryToDigitValidInput" classname="by.losik.BCD8421ToExcess5ConverterTest" time="0.001"/>
  <testcase name="testBinaryStringToIntValidInput" classname="by.losik.BCD8421ToExcess5ConverterTest" time="0.001"/>
  <testcase name="testBinaryStringToIntInvalidInput" classname="by.losik.BCD8421ToExcess5ConverterTest" time="0.01"/>
</testsuite>